{
  "RSpec": {
    "coverage": {
      "/Users/student/Zi_Oystercard/spec/Oystercard_spec.rb": [
        1,
        null,
        1,
        3,
        1,
        1,
        null,
        1,
        1,
        null,
        null,
        null,
        null,
        1,
        11,
        3,
        2,
        1,
        1,
        null,
        1,
        1,
        null,
        1,
        4,
        null,
        null,
        null,
        null,
        null,
        1,
        1,
        2,
        null,
        null,
        1,
        1,
        null,
        null,
        null,
        null,
        null,
        null,
        null,
        null,
        null,
        null,
        1,
        1,
        5,
        null,
        null,
        1,
        2,
        null,
        null,
        1,
        1,
        1,
        null,
        null,
        1,
        1,
        1,
        1,
        null,
        null,
        1,
        1,
        1,
        4,
        null,
        null,
        1,
        1,
        1,
        null,
        null,
        null,
        null,
        1,
        1,
        1,
        null,
        null,
        1,
        1,
        null,
        1,
        1,
        1,
        1,
        null,
        null,
        null
      ],
      "/Users/student/Zi_Oystercard/lib/Oystercard.rb": [
        1,
        null,
        1,
        null,
        1,
        2,
        2,
        null,
        null,
        null,
        null,
        1,
        null,
        1,
        null,
        1,
        6,
        6,
        null,
        null,
        1,
        4,
        null,
        null,
        1,
        null,
        null,
        null,
        null,
        null,
        null,
        null,
        1,
        null,
        1,
        1,
        1,
        null,
        1,
        null,
        1,
        11,
        11,
        11,
        11,
        null,
        null,
        1,
        10,
        9,
        null,
        null,
        1,
        7,
        6,
        6,
        null,
        null,
        1,
        4,
        4,
        4,
        4,
        null,
        null,
        1,
        2,
        null,
        null,
        1,
        3,
        null,
        1,
        1,
        4,
        null,
        null,
        null,
        null,
        null,
        1,
        null,
        1,
        null,
        1,
        1,
        null,
        1
      ]
    },
    "timestamp": 1562077947
  }
}
